<?xml version="1.0" encoding="UTF-8"?>
<testsuite xmlns:xsi="http://www.w3.org/2001/XMLSchema-instance" xsi:noNamespaceSchemaLocation="https://maven.apache.org/surefire/maven-surefire-plugin/xsd/surefire-test-report-3.0.xsd" version="3.0" name="com.mst.algorithm.MSTAlgorithmTest" time="0.032" tests="10" errors="0" skipped="0" failures="0">
  <properties>
[...]
</properties>
  <testcase name="testSimpleGraph" classname="com.mst.algorithm.MSTAlgorithmTest" time="0.014"/>
  <testcase name="testSingleVertexGraph" classname="com.mst.algorithm.MSTAlgorithmTest" time="0"/>
  <testcase name="testEmptyGraph" classname="com.mst.algorithm.MSTAlgorithmTest" time="0"/>
  <testcase name="testAcyclicMST" classname="com.mst.algorithm.MSTAlgorithmTest" time="0"/>
  <testcase name="testReproducibility" classname="com.mst.algorithm.MSTAlgorithmTest" time="0.001"/>
  <testcase name="testAllVerticesConnected" classname="com.mst.algorithm.MSTAlgorithmTest" time="0.001"/>
  <testcase name="testConnectedComponent" classname="com.mst.algorithm.MSTAlgorithmTest" time="0.001"/>
  <testcase name="testPerformanceMetrics" classname="com.mst.algorithm.MSTAlgorithmTest" time="0"/>
  <testcase name="testTwoVertexGraph" classname="com.mst.algorithm.MSTAlgorithmTest" time="0"/>
  <testcase name="testCorrectnessSameCost" classname="com.mst.algorithm.MSTAlgorithmTest" time="0.001"/>
</testsuite>